<?xml version="1.0" encoding="UTF-8"?>
<coverage generated="1743185977212" clover="3.2.0">
  <project timestamp="1743185977212" name="All files">
    <metrics statements="49" coveredstatements="48" conditionals="38" coveredconditionals="35" methods="8" coveredmethods="8" elements="95" coveredelements="91" complexity="0" loc="49" ncloc="49" packages="2" files="5" classes="5"/>
    <package name="src">
      <metrics statements="34" coveredstatements="33" conditionals="28" coveredconditionals="26" methods="4" coveredmethods="4"/>
      <file name="compareObjects.js" path="/home/orthrus/frontend-project-46/src/compareObjects.js">
        <metrics statements="21" coveredstatements="21" conditionals="19" coveredconditionals="18" methods="2" coveredmethods="2"/>
        <line num="4" count="1" type="cond" truecount="1" falsecount="0"/>
        <line num="5" count="7" type="stmt"/>
        <line num="6" count="7" type="stmt"/>
        <line num="7" count="7" type="stmt"/>
        <line num="8" count="7" type="stmt"/>
        <line num="9" count="7" type="stmt"/>
        <line num="10" count="28" type="cond" truecount="4" falsecount="0"/>
        <line num="11" count="4" type="stmt"/>
        <line num="12" count="4" type="stmt"/>
        <line num="13" count="4" type="stmt"/>
        <line num="14" count="24" type="cond" truecount="4" falsecount="0"/>
        <line num="15" count="11" type="cond" truecount="2" falsecount="0"/>
        <line num="16" count="5" type="stmt"/>
        <line num="18" count="6" type="stmt"/>
        <line num="19" count="6" type="stmt"/>
        <line num="21" count="13" type="cond" truecount="4" falsecount="0"/>
        <line num="22" count="6" type="stmt"/>
        <line num="23" count="7" type="cond" truecount="3" falsecount="1"/>
        <line num="24" count="7" type="stmt"/>
        <line num="26" count="24" type="stmt"/>
        <line num="28" count="7" type="stmt"/>
      </file>
      <file name="stylish.js" path="/home/orthrus/frontend-project-46/src/stylish.js">
        <metrics statements="13" coveredstatements="12" conditionals="9" coveredconditionals="8" methods="2" coveredmethods="2"/>
        <line num="4" count="1" type="cond" truecount="1" falsecount="0"/>
        <line num="5" count="7" type="stmt"/>
        <line num="8" count="34" type="stmt"/>
        <line num="9" count="34" type="cond" truecount="2" falsecount="0"/>
        <line num="10" count="13" type="stmt"/>
        <line num="11" count="21" type="cond" truecount="2" falsecount="0"/>
        <line num="12" count="12" type="stmt"/>
        <line num="13" count="9" type="cond" truecount="2" falsecount="0"/>
        <line num="14" count="5" type="stmt"/>
        <line num="15" count="4" type="cond" truecount="1" falsecount="1"/>
        <line num="16" count="4" type="stmt"/>
        <line num="18" count="0" type="stmt"/>
        <line num="20" count="7" type="stmt"/>
      </file>
    </package>
    <package name="src.utils">
      <metrics statements="15" coveredstatements="15" conditionals="10" coveredconditionals="9" methods="4" coveredmethods="4"/>
      <file name="createTree.js" path="/home/orthrus/frontend-project-46/src/utils/createTree.js">
        <metrics statements="1" coveredstatements="1" conditionals="3" coveredconditionals="2" methods="1" coveredmethods="1"/>
        <line num="1" count="34" type="cond" truecount="2" falsecount="1"/>
      </file>
      <file name="formatValue.js" path="/home/orthrus/frontend-project-46/src/utils/formatValue.js">
        <metrics statements="8" coveredstatements="8" conditionals="2" coveredconditionals="2" methods="2" coveredmethods="2"/>
        <line num="4" count="1" type="stmt"/>
        <line num="5" count="39" type="cond" truecount="2" falsecount="0"/>
        <line num="6" count="32" type="stmt"/>
        <line num="8" count="7" type="stmt"/>
        <line num="9" count="7" type="stmt"/>
        <line num="10" count="9" type="stmt"/>
        <line num="11" count="9" type="stmt"/>
        <line num="13" count="7" type="stmt"/>
      </file>
      <file name="getDepth.js" path="/home/orthrus/frontend-project-46/src/utils/getDepth.js">
        <metrics statements="6" coveredstatements="6" conditionals="5" coveredconditionals="5" methods="1" coveredmethods="1"/>
        <line num="1" count="1" type="cond" truecount="1" falsecount="0"/>
        <line num="2" count="57" type="stmt"/>
        <line num="3" count="57" type="stmt"/>
        <line num="4" count="57" type="cond" truecount="4" falsecount="0"/>
        <line num="5" count="25" type="stmt"/>
        <line num="7" count="32" type="stmt"/>
      </file>
    </package>
  </project>
</coverage>
