{"/home/orthrus/frontend-project-46/src/compareObjects.js": {"path":"/home/orthrus/frontend-project-46/src/compareObjects.js","statementMap":{"0":{"start":{"line":1,"column":23},"end":{"line":19,"column":1}},"1":{"start":{"line":2,"column":20},"end":{"line":2,"column":37}},"2":{"start":{"line":3,"column":21},"end":{"line":3,"column":38}},"3":{"start":{"line":4,"column":18},"end":{"line":4,"column":46}},"4":{"start":{"line":5,"column":21},"end":{"line":5,"column":49}},"5":{"start":{"line":6,"column":17},"end":{"line":17,"column":8}},"6":{"start":{"line":7,"column":4},"end":{"line":15,"column":5}},"7":{"start":{"line":8,"column":6},"end":{"line":10,"column":60}},"8":{"start":{"line":11,"column":11},"end":{"line":15,"column":5}},"9":{"start":{"line":12,"column":6},"end":{"line":12,"column":41}},"10":{"start":{"line":13,"column":11},"end":{"line":15,"column":5}},"11":{"start":{"line":14,"column":6},"end":{"line":14,"column":41}},"12":{"start":{"line":16,"column":4},"end":{"line":16,"column":15}},"13":{"start":{"line":18,"column":2},"end":{"line":18,"column":38}}},"fnMap":{"0":{"name":"(anonymous_0)","decl":{"start":{"line":1,"column":23},"end":{"line":1,"column":24}},"loc":{"start":{"line":1,"column":39},"end":{"line":19,"column":1}},"line":1},"1":{"name":"(anonymous_1)","decl":{"start":{"line":6,"column":35},"end":{"line":6,"column":36}},"loc":{"start":{"line":6,"column":48},"end":{"line":17,"column":3}},"line":6}},"branchMap":{"0":{"loc":{"start":{"line":7,"column":4},"end":{"line":15,"column":5}},"type":"if","locations":[{"start":{"line":7,"column":4},"end":{"line":15,"column":5}},{"start":{"line":11,"column":11},"end":{"line":15,"column":5}}],"line":7},"1":{"loc":{"start":{"line":7,"column":8},"end":{"line":7,"column":57}},"type":"binary-expr","locations":[{"start":{"line":7,"column":8},"end":{"line":7,"column":30}},{"start":{"line":7,"column":34},"end":{"line":7,"column":57}}],"line":7},"2":{"loc":{"start":{"line":8,"column":15},"end":{"line":10,"column":58}},"type":"cond-expr","locations":[{"start":{"line":9,"column":10},"end":{"line":9,"column":34}},{"start":{"line":10,"column":10},"end":{"line":10,"column":58}}],"line":8},"3":{"loc":{"start":{"line":11,"column":11},"end":{"line":15,"column":5}},"type":"if","locations":[{"start":{"line":11,"column":11},"end":{"line":15,"column":5}},{"start":{"line":13,"column":11},"end":{"line":15,"column":5}}],"line":11},"4":{"loc":{"start":{"line":11,"column":15},"end":{"line":11,"column":65}},"type":"binary-expr","locations":[{"start":{"line":11,"column":15},"end":{"line":11,"column":37}},{"start":{"line":11,"column":41},"end":{"line":11,"column":65}}],"line":11},"5":{"loc":{"start":{"line":13,"column":11},"end":{"line":15,"column":5}},"type":"if","locations":[{"start":{"line":13,"column":11},"end":{"line":15,"column":5}},{"start":{},"end":{}}],"line":13},"6":{"loc":{"start":{"line":13,"column":15},"end":{"line":13,"column":65}},"type":"binary-expr","locations":[{"start":{"line":13,"column":15},"end":{"line":13,"column":38}},{"start":{"line":13,"column":42},"end":{"line":13,"column":65}}],"line":13}},"s":{"0":1,"1":1,"2":1,"3":1,"4":1,"5":1,"6":5,"7":2,"8":3,"9":2,"10":1,"11":1,"12":5,"13":1},"f":{"0":1,"1":5},"b":{"0":[2,3],"1":[5,4],"2":[1,1],"3":[2,1],"4":[3,2],"5":[1,0],"6":[1,1]},"_coverageSchema":"1a1c01bbd47fc00a2c39e90264f33305004495a9","hash":"92c1dc12828147fbf1a630f61ed445fd16b8aef3"}
}
