{"/home/orthrus/frontend-project-46/src/compareObjects.js": {"path":"/home/orthrus/frontend-project-46/src/compareObjects.js","statementMap":{"0":{"start":{"line":3,"column":19},"end":{"line":9,"column":2}},"1":{"start":{"line":3,"column":82},"end":{"line":9,"column":1}},"2":{"start":{"line":11,"column":23},"end":{"line":38,"column":1}},"3":{"start":{"line":12,"column":20},"end":{"line":12,"column":37}},"4":{"start":{"line":13,"column":21},"end":{"line":13,"column":38}},"5":{"start":{"line":14,"column":18},"end":{"line":14,"column":46}},"6":{"start":{"line":15,"column":21},"end":{"line":15,"column":49}},"7":{"start":{"line":16,"column":17},"end":{"line":34,"column":8}},"8":{"start":{"line":17,"column":4},"end":{"line":21,"column":5}},"9":{"start":{"line":18,"column":24},"end":{"line":18,"column":71}},"10":{"start":{"line":19,"column":6},"end":{"line":19,"column":65}},"11":{"start":{"line":20,"column":6},"end":{"line":20,"column":17}},"12":{"start":{"line":21,"column":6},"end":{"line":32,"column":5}},"13":{"start":{"line":22,"column":6},"end":{"line":27,"column":7}},"14":{"start":{"line":23,"column":8},"end":{"line":23,"column":58}},"15":{"start":{"line":25,"column":8},"end":{"line":25,"column":56}},"16":{"start":{"line":26,"column":8},"end":{"line":26,"column":60}},"17":{"start":{"line":28,"column":11},"end":{"line":32,"column":5}},"18":{"start":{"line":29,"column":6},"end":{"line":29,"column":54}},"19":{"start":{"line":30,"column":11},"end":{"line":32,"column":5}},"20":{"start":{"line":31,"column":6},"end":{"line":31,"column":58}},"21":{"start":{"line":33,"column":4},"end":{"line":33,"column":15}},"22":{"start":{"line":37,"column":2},"end":{"line":37,"column":16}}},"fnMap":{"0":{"name":"(anonymous_0)","decl":{"start":{"line":3,"column":19},"end":{"line":3,"column":20}},"loc":{"start":{"line":3,"column":82},"end":{"line":9,"column":1}},"line":3},"1":{"name":"(anonymous_1)","decl":{"start":{"line":11,"column":23},"end":{"line":11,"column":24}},"loc":{"start":{"line":11,"column":50},"end":{"line":38,"column":1}},"line":11},"2":{"name":"(anonymous_2)","decl":{"start":{"line":16,"column":35},"end":{"line":16,"column":36}},"loc":{"start":{"line":16,"column":49},"end":{"line":34,"column":3}},"line":16}},"branchMap":{"0":{"loc":{"start":{"line":3,"column":31},"end":{"line":3,"column":44}},"type":"default-arg","locations":[{"start":{"line":3,"column":40},"end":{"line":3,"column":44}}],"line":3},"1":{"loc":{"start":{"line":3,"column":46},"end":{"line":3,"column":59}},"type":"default-arg","locations":[{"start":{"line":3,"column":55},"end":{"line":3,"column":59}}],"line":3},"2":{"loc":{"start":{"line":3,"column":61},"end":{"line":3,"column":76}},"type":"default-arg","locations":[{"start":{"line":3,"column":72},"end":{"line":3,"column":76}}],"line":3},"3":{"loc":{"start":{"line":11,"column":36},"end":{"line":11,"column":45}},"type":"default-arg","locations":[{"start":{"line":11,"column":44},"end":{"line":11,"column":45}}],"line":11},"4":{"loc":{"start":{"line":17,"column":4},"end":{"line":21,"column":5}},"type":"if","locations":[{"start":{"line":17,"column":4},"end":{"line":21,"column":5}},{"start":{},"end":{}}],"line":17},"5":{"loc":{"start":{"line":17,"column":8},"end":{"line":17,"column":64}},"type":"binary-expr","locations":[{"start":{"line":17,"column":8},"end":{"line":17,"column":34}},{"start":{"line":17,"column":38},"end":{"line":17,"column":64}}],"line":17},"6":{"loc":{"start":{"line":21,"column":6},"end":{"line":32,"column":5}},"type":"if","locations":[{"start":{"line":21,"column":6},"end":{"line":32,"column":5}},{"start":{"line":28,"column":11},"end":{"line":32,"column":5}}],"line":21},"7":{"loc":{"start":{"line":21,"column":10},"end":{"line":21,"column":61}},"type":"binary-expr","locations":[{"start":{"line":21,"column":10},"end":{"line":21,"column":33}},{"start":{"line":21,"column":37},"end":{"line":21,"column":61}}],"line":21},"8":{"loc":{"start":{"line":22,"column":6},"end":{"line":27,"column":7}},"type":"if","locations":[{"start":{"line":22,"column":6},"end":{"line":27,"column":7}},{"start":{"line":24,"column":13},"end":{"line":27,"column":7}}],"line":22},"9":{"loc":{"start":{"line":28,"column":11},"end":{"line":32,"column":5}},"type":"if","locations":[{"start":{"line":28,"column":11},"end":{"line":32,"column":5}},{"start":{"line":30,"column":11},"end":{"line":32,"column":5}}],"line":28},"10":{"loc":{"start":{"line":28,"column":15},"end":{"line":28,"column":67}},"type":"binary-expr","locations":[{"start":{"line":28,"column":15},"end":{"line":28,"column":38}},{"start":{"line":28,"column":42},"end":{"line":28,"column":67}}],"line":28},"11":{"loc":{"start":{"line":30,"column":11},"end":{"line":32,"column":5}},"type":"if","locations":[{"start":{"line":30,"column":11},"end":{"line":32,"column":5}},{"start":{},"end":{}}],"line":30},"12":{"loc":{"start":{"line":30,"column":15},"end":{"line":30,"column":67}},"type":"binary-expr","locations":[{"start":{"line":30,"column":15},"end":{"line":30,"column":39}},{"start":{"line":30,"column":43},"end":{"line":30,"column":67}}],"line":30}},"s":{"0":1,"1":34,"2":1,"3":7,"4":7,"5":7,"6":7,"7":7,"8":28,"9":4,"10":4,"11":4,"12":24,"13":11,"14":5,"15":6,"16":6,"17":13,"18":6,"19":7,"20":7,"21":24,"22":7},"f":{"0":34,"1":7,"2":28},"b":{"0":[0],"1":[17],"2":[30],"3":[3],"4":[4,24],"5":[28,6],"6":[11,13],"7":[24,17],"8":[5,6],"9":[6,7],"10":[13,6],"11":[7,0],"12":[7,7]},"_coverageSchema":"1a1c01bbd47fc00a2c39e90264f33305004495a9","hash":"f367a2af05f42806f5625b4644e2b4a480ae6dbf"}
,"/home/orthrus/frontend-project-46/src/stylish.js": {"path":"/home/orthrus/frontend-project-46/src/stylish.js","statementMap":{"0":{"start":{"line":1,"column":17},"end":{"line":8,"column":1}},"1":{"start":{"line":2,"column":16},"end":{"line":2,"column":19}},"2":{"start":{"line":3,"column":15},"end":{"line":3,"column":24}},"3":{"start":{"line":4,"column":2},"end":{"line":6,"column":3}},"4":{"start":{"line":5,"column":4},"end":{"line":5,"column":34}},"5":{"start":{"line":7,"column":2},"end":{"line":7,"column":28}},"6":{"start":{"line":10,"column":16},"end":{"line":31,"column":1}},"7":{"start":{"line":11,"column":2},"end":{"line":14,"column":3}},"8":{"start":{"line":12,"column":4},"end":{"line":12,"column":47}},"9":{"start":{"line":13,"column":4},"end":{"line":13,"column":51}},"10":{"start":{"line":15,"column":26},"end":{"line":29,"column":4}},"11":{"start":{"line":18,"column":8},"end":{"line":18,"column":12}},"12":{"start":{"line":19,"column":4},"end":{"line":21,"column":5}},"13":{"start":{"line":20,"column":6},"end":{"line":20,"column":58}},"14":{"start":{"line":21,"column":6},"end":{"line":23,"column":5}},"15":{"start":{"line":22,"column":6},"end":{"line":22,"column":58}},"16":{"start":{"line":23,"column":6},"end":{"line":25,"column":5}},"17":{"start":{"line":24,"column":6},"end":{"line":24,"column":56}},"18":{"start":{"line":25,"column":6},"end":{"line":27,"column":5}},"19":{"start":{"line":26,"column":6},"end":{"line":26,"column":77}},"20":{"start":{"line":28,"column":4},"end":{"line":28,"column":14}},"21":{"start":{"line":30,"column":2},"end":{"line":30,"column":68}}},"fnMap":{"0":{"name":"(anonymous_0)","decl":{"start":{"line":1,"column":17},"end":{"line":1,"column":18}},"loc":{"start":{"line":1,"column":48},"end":{"line":8,"column":1}},"line":1},"1":{"name":"(anonymous_1)","decl":{"start":{"line":10,"column":16},"end":{"line":10,"column":17}},"loc":{"start":{"line":10,"column":36},"end":{"line":31,"column":1}},"line":10},"2":{"name":"(anonymous_2)","decl":{"start":{"line":15,"column":35},"end":{"line":15,"column":36}},"loc":{"start":{"line":15,"column":45},"end":{"line":29,"column":3}},"line":15}},"branchMap":{"0":{"loc":{"start":{"line":1,"column":25},"end":{"line":1,"column":43}},"type":"default-arg","locations":[{"start":{"line":1,"column":32},"end":{"line":1,"column":43}}],"line":1},"1":{"loc":{"start":{"line":4,"column":2},"end":{"line":6,"column":3}},"type":"if","locations":[{"start":{"line":4,"column":2},"end":{"line":6,"column":3}},{"start":{},"end":{}}],"line":4},"2":{"loc":{"start":{"line":4,"column":6},"end":{"line":4,"column":44}},"type":"binary-expr","locations":[{"start":{"line":4,"column":6},"end":{"line":4,"column":22}},{"start":{"line":4,"column":26},"end":{"line":4,"column":44}}],"line":4},"3":{"loc":{"start":{"line":10,"column":23},"end":{"line":10,"column":31}},"type":"default-arg","locations":[{"start":{"line":10,"column":30},"end":{"line":10,"column":31}}],"line":10},"4":{"loc":{"start":{"line":11,"column":2},"end":{"line":14,"column":3}},"type":"if","locations":[{"start":{"line":11,"column":2},"end":{"line":14,"column":3}},{"start":{},"end":{}}],"line":11},"5":{"loc":{"start":{"line":19,"column":4},"end":{"line":21,"column":5}},"type":"if","locations":[{"start":{"line":19,"column":4},"end":{"line":21,"column":5}},{"start":{},"end":{}}],"line":19},"6":{"loc":{"start":{"line":21,"column":6},"end":{"line":23,"column":5}},"type":"if","locations":[{"start":{"line":21,"column":6},"end":{"line":23,"column":5}},{"start":{},"end":{}}],"line":21},"7":{"loc":{"start":{"line":23,"column":6},"end":{"line":25,"column":5}},"type":"if","locations":[{"start":{"line":23,"column":6},"end":{"line":25,"column":5}},{"start":{},"end":{}}],"line":23},"8":{"loc":{"start":{"line":25,"column":6},"end":{"line":27,"column":5}},"type":"if","locations":[{"start":{"line":25,"column":6},"end":{"line":27,"column":5}},{"start":{},"end":{}}],"line":25}},"s":{"0":1,"1":41,"2":41,"3":41,"4":25,"5":16,"6":1,"7":7,"8":0,"9":0,"10":7,"11":34,"12":34,"13":13,"14":21,"15":12,"16":9,"17":5,"18":4,"19":4,"20":0,"21":7},"f":{"0":41,"1":7,"2":34},"b":{"0":[7],"1":[25,16],"2":[41,28],"3":[3],"4":[0,7],"5":[13,21],"6":[12,9],"7":[5,4],"8":[4,0]},"_coverageSchema":"1a1c01bbd47fc00a2c39e90264f33305004495a9","hash":"358be50651a7c019287e65e15a9a36b40b263983"}
}
