TN:
SF:src/compareObjects.js
FN:4,(anonymous_0)
FN:9,(anonymous_1)
FNF:2
FNH:2
FNDA:7,(anonymous_0)
FNDA:28,(anonymous_1)
DA:4,1
DA:5,7
DA:6,7
DA:7,7
DA:8,7
DA:9,7
DA:10,28
DA:11,4
DA:12,4
DA:13,4
DA:14,24
DA:15,11
DA:16,5
DA:18,6
DA:19,6
DA:21,13
DA:22,6
DA:23,7
DA:24,7
DA:26,24
DA:28,7
LF:21
LH:21
BRDA:4,0,0,3
BRDA:10,1,0,4
BRDA:10,1,1,24
BRDA:10,2,0,28
BRDA:10,2,1,6
BRDA:14,3,0,11
BRDA:14,3,1,13
BRDA:14,4,0,24
BRDA:14,4,1,17
BRDA:15,5,0,5
BRDA:15,5,1,6
BRDA:21,6,0,6
BRDA:21,6,1,7
BRDA:21,7,0,13
BRDA:21,7,1,6
BRDA:23,8,0,7
BRDA:23,8,1,0
BRDA:23,9,0,7
BRDA:23,9,1,7
BRF:19
BRH:18
end_of_record
TN:
SF:src/stylish.js
FN:4,(anonymous_0)
FN:5,(anonymous_1)
FNF:2
FNH:2
FNDA:7,(anonymous_0)
FNDA:34,(anonymous_1)
DA:4,1
DA:5,7
DA:8,34
DA:9,34
DA:10,13
DA:11,21
DA:12,12
DA:13,9
DA:14,5
DA:15,4
DA:16,4
DA:18,0
DA:20,7
LF:13
LH:12
BRDA:4,0,0,3
BRDA:9,1,0,13
BRDA:9,1,1,21
BRDA:11,2,0,12
BRDA:11,2,1,9
BRDA:13,3,0,5
BRDA:13,3,1,4
BRDA:15,4,0,4
BRDA:15,4,1,0
BRF:9
BRH:8
end_of_record
TN:
SF:src/utils/createTree.js
FN:1,(anonymous_0)
FNF:1
FNH:1
FNDA:34,(anonymous_0)
DA:1,34
LF:1
LH:1
BRDA:1,0,0,0
BRDA:1,1,0,17
BRDA:1,2,0,30
BRF:3
BRH:2
end_of_record
TN:
SF:src/utils/formatValue.js
FN:4,(anonymous_0)
FN:9,(anonymous_1)
FNF:2
FNH:2
FNDA:39,(anonymous_0)
FNDA:9,(anonymous_1)
DA:4,1
DA:5,39
DA:6,32
DA:8,7
DA:9,7
DA:10,9
DA:11,9
DA:13,7
LF:8
LH:8
BRDA:5,0,0,32
BRDA:5,0,1,7
BRF:2
BRH:2
end_of_record
TN:
SF:src/utils/getDepth.js
FN:1,(anonymous_0)
FNF:1
FNH:1
FNDA:57,(anonymous_0)
DA:1,1
DA:2,57
DA:3,57
DA:4,57
DA:5,25
DA:7,32
LF:6
LH:6
BRDA:1,0,0,23
BRDA:4,1,0,25
BRDA:4,1,1,32
BRDA:4,2,0,57
BRDA:4,2,1,44
BRF:5
BRH:5
end_of_record
