TN:
SF:src/compareObjects.js
FN:3,(anonymous_0)
FN:11,(anonymous_1)
FN:16,(anonymous_2)
FNF:3
FNH:3
FNDA:34,(anonymous_0)
FNDA:7,(anonymous_1)
FNDA:28,(anonymous_2)
DA:3,34
DA:11,1
DA:12,7
DA:13,7
DA:14,7
DA:15,7
DA:16,7
DA:17,28
DA:18,4
DA:19,4
DA:20,4
DA:21,24
DA:22,11
DA:23,5
DA:25,6
DA:26,6
DA:28,13
DA:29,6
DA:30,7
DA:31,7
DA:33,24
DA:37,7
LF:22
LH:22
BRDA:3,0,0,0
BRDA:3,1,0,17
BRDA:3,2,0,30
BRDA:11,3,0,3
BRDA:17,4,0,4
BRDA:17,4,1,24
BRDA:17,5,0,28
BRDA:17,5,1,6
BRDA:21,6,0,11
BRDA:21,6,1,13
BRDA:21,7,0,24
BRDA:21,7,1,17
BRDA:22,8,0,5
BRDA:22,8,1,6
BRDA:28,9,0,6
BRDA:28,9,1,7
BRDA:28,10,0,13
BRDA:28,10,1,6
BRDA:30,11,0,7
BRDA:30,11,1,0
BRDA:30,12,0,7
BRDA:30,12,1,7
BRF:22
BRH:20
end_of_record
TN:
SF:src/stylish.js
FN:1,(anonymous_0)
FN:10,(anonymous_1)
FN:15,(anonymous_2)
FNF:3
FNH:3
FNDA:41,(anonymous_0)
FNDA:7,(anonymous_1)
FNDA:34,(anonymous_2)
DA:1,1
DA:2,41
DA:3,41
DA:4,41
DA:5,25
DA:7,16
DA:10,1
DA:11,7
DA:12,0
DA:13,0
DA:15,7
DA:18,34
DA:19,34
DA:20,13
DA:21,21
DA:22,12
DA:23,9
DA:24,5
DA:25,4
DA:26,4
DA:28,0
DA:30,7
LF:22
LH:19
BRDA:1,0,0,7
BRDA:4,1,0,25
BRDA:4,1,1,16
BRDA:4,2,0,41
BRDA:4,2,1,28
BRDA:10,3,0,3
BRDA:11,4,0,0
BRDA:11,4,1,7
BRDA:19,5,0,13
BRDA:19,5,1,21
BRDA:21,6,0,12
BRDA:21,6,1,9
BRDA:23,7,0,5
BRDA:23,7,1,4
BRDA:25,8,0,4
BRDA:25,8,1,0
BRF:16
BRH:14
end_of_record
